c:\myprojects\yamyamengine\yamyamengine\editor_windows\x64\debug\vc143.pdb
c:\myprojects\yamyamengine\yamyamengine\editor_windows\x64\debug\vc143.idb
c:\myprojects\yamyamengine\yamyamengine\editor_windows\x64\debug\main.obj
c:\myprojects\yamyamengine\yamyamengine\editor_windows\x64\debug\stdafx.obj
c:\myprojects\yamyamengine\yamyamengine\editor_windows\x64\debug\imgui_widgets.obj
c:\myprojects\yamyamengine\yamyamengine\editor_windows\x64\debug\imgui_tables.obj
c:\myprojects\yamyamengine\yamyamengine\editor_windows\x64\debug\imgui_impl_win32.obj
c:\myprojects\yamyamengine\yamyamengine\editor_windows\x64\debug\imgui_impl_dx12.obj
c:\myprojects\yamyamengine\yamyamengine\editor_windows\x64\debug\imgui_draw.obj
c:\myprojects\yamyamengine\yamyamengine\editor_windows\x64\debug\imgui_demo.obj
c:\myprojects\yamyamengine\yamyamengine\editor_windows\x64\debug\imgui.obj
c:\myprojects\yamyamengine\yamyamengine\x64\debug\editor_windows.exe
c:\myprojects\yamyamengine\yamyamengine\editor_windows\x64\debug\editor_windows.ilk
c:\myprojects\yamyamengine\yamyamengine\x64\debug\editor_windows.pdb
c:\myprojects\yamyamengine\yamyamengine\editor_windows\x64\debug\editor_windows.tlog\cl.command.1.tlog
c:\myprojects\yamyamengine\yamyamengine\editor_windows\x64\debug\editor_windows.tlog\cl.read.1.tlog
c:\myprojects\yamyamengine\yamyamengine\editor_windows\x64\debug\editor_windows.tlog\cl.write.1.tlog
c:\myprojects\yamyamengine\yamyamengine\editor_windows\x64\debug\editor_windows.tlog\link.command.1.tlog
c:\myprojects\yamyamengine\yamyamengine\editor_windows\x64\debug\editor_windows.tlog\link.read.1.tlog
c:\myprojects\yamyamengine\yamyamengine\editor_windows\x64\debug\editor_windows.tlog\link.write.1.tlog
